<?xml version="1.0" encoding="UTF-8"?>
<testsuite xmlns:xsi="http://www.w3.org/2001/XMLSchema-instance" xsi:noNamespaceSchemaLocation="https://maven.apache.org/surefire/maven-surefire-plugin/xsd/surefire-test-report.xsd" name="ru.raiffeisen.training.AppTest2" time="0.144" tests="5" errors="0" skipped="0" failures="1">
  <properties>
[...]
</properties>
  <testcase name="testSummatorFromFile[0]" classname="ru.raiffeisen.training.AppTest2" time="0.006"/>
  <testcase name="testSummatorFromFile[1]" classname="ru.raiffeisen.training.AppTest2" time="0"/>
  <testcase name="testSummatorFromFile[2]" classname="ru.raiffeisen.training.AppTest2" time="0"/>
  <testcase name="testSummatorFromFile[3]" classname="ru.raiffeisen.training.AppTest2" time="0.02">
    <failure message="expected:&lt;190.0&gt; but was:&lt;79.0&gt;" type="java.lang.AssertionError"><![CDATA[java.lang.AssertionError: expected:<190.0> but was:<79.0>
	at ru.raiffeisen.training.AppTest2.testSummatorFromFile(AppTest2.java:41)
]]></failure>
  </testcase>
  <testcase name="testSummatorFromFile[4]" classname="ru.raiffeisen.training.AppTest2" time="0"/>
</testsuite>