<?xml version="1.0" encoding="UTF-8"?>
<testng-results skipped="0" failed="0" ignored="2" total="3" passed="1">
  <reporter-output>
  </reporter-output>
  <suite name="Surefire suite" duration-ms="101" started-at="2018-11-21T06:36:31Z" finished-at="2018-11-21T06:36:31Z">
    <groups>
    </groups>
    <test name="Surefire test" duration-ms="101" started-at="2018-11-21T06:36:31Z" finished-at="2018-11-21T06:36:31Z">
      <class name="ru.raiffeisen.training.AppTest">
        <test-method status="PASS" signature="testCase01()[pri:0, instance:ru.raiffeisen.training.AppTest@4c203ea1]" name="testCase01" duration-ms="17" started-at="2018-11-21T06:36:31Z" finished-at="2018-11-21T06:36:31Z">
          <reporter-output>
          </reporter-output>
        </test-method> <!-- testCase01 -->
      </class> <!-- ru.raiffeisen.training.AppTest -->
    </test> <!-- Surefire test -->
  </suite> <!-- Surefire suite -->
</testng-results>
