<?xml version="1.0" encoding="UTF-8"?>
<!-- Generated by org.testng.reporters.JUnitXMLReporter -->
<testsuite hostname="W-MSK80-VDIVAKN" ignored="2" name="Surefire test" tests="1" failures="0" timestamp="21 ноя 2018 06:36:31 GMT" time="0.101" errors="0">
  <testcase name="testCase01" time="0.017" classname="ru.raiffeisen.training.AppTest"/>
  <testcase name="testCase03" time="0.0" classname="ru.raiffeisen.training.AppTest">
    <ignored/>
  </testcase> <!-- testCase03 -->
  <testcase name="testCase02" time="0.0" classname="ru.raiffeisen.training.AppTest">
    <ignored/>
  </testcase> <!-- testCase02 -->
</testsuite> <!-- Surefire test -->
